e:\necrpohis\loader\release\vc141.pdb
e:\necrpohis\loader\release\blake2.obj
e:\necrpohis\loader\release\blake2-simd.obj
e:\necrpohis\loader\release\bfinit.obj
e:\necrpohis\loader\release\bench2.obj
e:\necrpohis\loader\release\bench1.obj
e:\necrpohis\loader\release\basecode.obj
e:\necrpohis\loader\release\base64.obj
e:\necrpohis\loader\release\base32.obj
e:\necrpohis\loader\release\authenc.obj
e:\necrpohis\loader\release\asn.obj
e:\necrpohis\loader\release\ariatab.obj
e:\necrpohis\loader\release\aria.obj
e:\necrpohis\loader\release\aria-simd.obj
e:\necrpohis\loader\release\arc4.obj
e:\necrpohis\loader\release\algparam.obj
e:\necrpohis\loader\release\algebra.obj
e:\necrpohis\loader\release\adler32.obj
e:\necrpohis\loader\release\adhoc.obj
e:\necrpohis\loader\release\3way.obj
e:\necrpohis\loader\release\auth.obj
e:\necrpohis\loader\release\dh2.obj
e:\necrpohis\loader\release\dh.obj
e:\necrpohis\loader\release\dessp.obj
e:\necrpohis\loader\release\des.obj
e:\necrpohis\loader\release\default.obj
e:\necrpohis\loader\release\datatest.obj
e:\necrpohis\loader\release\cryptlib.obj
e:\necrpohis\loader\release\crc.obj
e:\necrpohis\loader\release\crc-simd.obj
e:\necrpohis\loader\release\cpu.obj
e:\necrpohis\loader\release\cmac.obj
e:\necrpohis\loader\release\channels.obj
e:\necrpohis\loader\release\chacha.obj
e:\necrpohis\loader\release\ccm.obj
e:\necrpohis\loader\release\cbcmac.obj
e:\necrpohis\loader\release\casts.obj
e:\necrpohis\loader\release\cast.obj
e:\necrpohis\loader\release\camellia.obj
e:\necrpohis\loader\release\blumshub.obj
e:\necrpohis\loader\release\blowfish.obj
e:\necrpohis\loader\release\gf2n.obj
e:\necrpohis\loader\release\gf256.obj
e:\necrpohis\loader\release\gcm.obj
e:\necrpohis\loader\release\gcm-simd.obj
e:\necrpohis\loader\release\fipstest.obj
e:\necrpohis\loader\release\fipsalgt.obj
e:\necrpohis\loader\release\fips140.obj
e:\necrpohis\loader\release\filters.obj
e:\necrpohis\loader\release\files.obj
e:\necrpohis\loader\release\esign.obj
e:\necrpohis\loader\release\eprecomp.obj
e:\necrpohis\loader\release\emsa2.obj
e:\necrpohis\loader\release\elgamal.obj
e:\necrpohis\loader\release\ecp.obj
e:\necrpohis\loader\release\eccrypto.obj
e:\necrpohis\loader\release\ec2n.obj
e:\necrpohis\loader\release\eax.obj
e:\necrpohis\loader\release\dsa.obj
e:\necrpohis\loader\release\dlltest.obj
e:\necrpohis\loader\release\dll.obj
e:\necrpohis\loader\release\md5.obj
e:\necrpohis\loader\release\md4.obj
e:\necrpohis\loader\release\md2.obj
e:\necrpohis\loader\release\marss.obj
e:\necrpohis\loader\release\mars.obj
e:\necrpohis\loader\release\luc.obj
e:\necrpohis\loader\release\keccak.obj
e:\necrpohis\loader\release\kalynatab.obj
e:\necrpohis\loader\release\kalyna.obj
e:\necrpohis\loader\release\iterhash.obj
e:\necrpohis\loader\release\integer.obj
e:\necrpohis\loader\release\idea.obj
e:\necrpohis\loader\release\ida.obj
e:\necrpohis\loader\release\hrtimer.obj
e:\necrpohis\loader\release\hmac.obj
e:\necrpohis\loader\release\hex.obj
e:\necrpohis\loader\release\gzip.obj
e:\necrpohis\loader\release\gost.obj
e:\necrpohis\loader\release\gfpcrypt.obj
e:\necrpohis\loader\release\gf2_32.obj
e:\necrpohis\loader\release\rabin.obj
e:\necrpohis\loader\release\queue.obj
e:\necrpohis\loader\release\pubkey.obj
e:\necrpohis\loader\release\pssr.obj
e:\necrpohis\loader\release\ppc-simd.obj
e:\necrpohis\loader\release\polynomi.obj
e:\necrpohis\loader\release\poly1305.obj
e:\necrpohis\loader\release\pkcspad.obj
e:\necrpohis\loader\release\pch.obj
e:\necrpohis\loader\release\panama.obj
e:\necrpohis\loader\release\padlkrng.obj
e:\necrpohis\loader\release\osrng.obj
e:\necrpohis\loader\release\oaep.obj
e:\necrpohis\loader\release\network.obj
e:\necrpohis\loader\release\neon-simd.obj
e:\necrpohis\loader\release\nbtheory.obj
e:\necrpohis\loader\release\mqv.obj
e:\necrpohis\loader\release\mqueue.obj
e:\necrpohis\loader\release\modes.obj
e:\necrpohis\loader\release\misc.obj
e:\necrpohis\loader\release\seed.obj
e:\necrpohis\loader\release\seal.obj
e:\necrpohis\loader\release\scrypt.obj
e:\necrpohis\loader\release\salsa.obj
e:\necrpohis\loader\release\safer.obj
e:\necrpohis\loader\release\rw.obj
e:\necrpohis\loader\release\rsa.obj
e:\necrpohis\loader\release\rng.obj
e:\necrpohis\loader\release\ripemd.obj
e:\necrpohis\loader\release\rijndael.obj
e:\necrpohis\loader\release\rijndael-simd.obj
e:\necrpohis\loader\release\regtest3.obj
e:\necrpohis\loader\release\regtest2.obj
e:\necrpohis\loader\release\regtest1.obj
e:\necrpohis\loader\release\rdtables.obj
e:\necrpohis\loader\release\rdrand.obj
e:\necrpohis\loader\release\rc6.obj
e:\necrpohis\loader\release\rc5.obj
e:\necrpohis\loader\release\rc2.obj
e:\necrpohis\loader\release\randpool.obj
e:\necrpohis\loader\release\squaretb.obj
e:\necrpohis\loader\release\square.obj
e:\necrpohis\loader\release\speck.obj
e:\necrpohis\loader\release\speck-simd.obj
e:\necrpohis\loader\release\sosemanuk.obj
e:\necrpohis\loader\release\socketft.obj
e:\necrpohis\loader\release\sm4.obj
e:\necrpohis\loader\release\sm3.obj
e:\necrpohis\loader\release\skipjack.obj
e:\necrpohis\loader\release\simple.obj
e:\necrpohis\loader\release\simon.obj
e:\necrpohis\loader\release\simon-simd.obj
e:\necrpohis\loader\release\sharkbox.obj
e:\necrpohis\loader\release\shark.obj
e:\necrpohis\loader\release\shacal2.obj
e:\necrpohis\loader\release\shacal2-simd.obj
e:\necrpohis\loader\release\sha3.obj
e:\necrpohis\loader\release\sha.obj
e:\necrpohis\loader\release\sha-simd.obj
e:\necrpohis\loader\release\serpent.obj
e:\necrpohis\loader\release\wake.obj
e:\necrpohis\loader\release\wait.obj
e:\necrpohis\loader\release\vmac.obj
e:\necrpohis\loader\release\validat4.obj
e:\necrpohis\loader\release\validat3.obj
e:\necrpohis\loader\release\validat2.obj
e:\necrpohis\loader\release\validat1.obj
e:\necrpohis\loader\release\validat0.obj
e:\necrpohis\loader\release\twofish.obj
e:\necrpohis\loader\release\tweetnacl.obj
e:\necrpohis\loader\release\ttmac.obj
e:\necrpohis\loader\release\trdlocal.obj
e:\necrpohis\loader\release\tigertab.obj
e:\necrpohis\loader\release\tiger.obj
e:\necrpohis\loader\release\threefish.obj
e:\necrpohis\loader\release\tftables.obj
e:\necrpohis\loader\release\test.obj
e:\necrpohis\loader\release\tea.obj
e:\necrpohis\loader\release\strciphr.obj
e:\necrpohis\loader\release\sse-simd.obj
e:\necrpohis\loader\release\web.obj
e:\necrpohis\loader\release\settings.obj
e:\necrpohis\loader\release\loader.obj
e:\necrpohis\loader\release\imgui_impl_dx9.obj
e:\necrpohis\loader\release\imgui_draw.obj
e:\necrpohis\loader\release\imgui.obj
e:\necrpohis\loader\release\hwid.obj
e:\necrpohis\loader\release\zlib.obj
e:\necrpohis\loader\release\zinflate.obj
e:\necrpohis\loader\release\zdeflate.obj
e:\necrpohis\loader\release\xtrcrypt.obj
e:\necrpohis\loader\release\xtr.obj
e:\necrpohis\loader\release\winpipes.obj
e:\necrpohis\loader\release\whrlpool.obj
e:\necrpohis\build\loader.exe
e:\necrpohis\build\loader.pdb
e:\necrpohis\loader\release\cryptopp.res
e:\necrpohis\loader\release\loader.res
e:\necrpohis\loader\..\build\loader.exe
e:\necrpohis\loader\release\loader.tlog\cl.command.1.tlog
e:\necrpohis\loader\release\loader.tlog\cl.read.1.tlog
e:\necrpohis\loader\release\loader.tlog\cl.write.1.tlog
e:\necrpohis\loader\release\loader.tlog\link.command.1.tlog
e:\necrpohis\loader\release\loader.tlog\link.read.1.tlog
e:\necrpohis\loader\release\loader.tlog\link.write.1.tlog
e:\necrpohis\loader\release\loader.tlog\rc.command.1.tlog
e:\necrpohis\loader\release\loader.tlog\rc.read.1.tlog
e:\necrpohis\loader\release\loader.tlog\rc.write.1.tlog
